<?xml version="1.0" encoding="UTF-8"?>
<!-- Generated by org.testng.reporters.JUnitXMLReporter -->
<testsuite ignored="2" hostname="punbkumarpc" failures="0" tests="1" name="VerifySignInButtonPresence" time="3.564" errors="0" timestamp="2025-11-06T19:04:11 IST">
  <testcase classname="testcases.StoreEntryTest" name="VerifySignInButtonPresence" time="3.443"/>
  <testcase classname="testcases.StoreEntryTest" name="Verifylogin" time="0.0">
    <ignored/>
  </testcase> <!-- Verifylogin -->
  <testcase classname="testcases.StoreEntryTest" name="VerifyStoreEntryTitle" time="0.0">
    <ignored/>
  </testcase> <!-- VerifyStoreEntryTitle -->
</testsuite> <!-- VerifySignInButtonPresence -->
