<?xml version="1.0" encoding="UTF-8"?>
<testng-results ignored="6" total="10" passed="4" failed="0" skipped="0">
  <reporter-output>
  </reporter-output>
  <suite started-at="2025-10-22T16:00:37 IST" name="JPetStore" finished-at="2025-10-22T16:01:02 IST" duration-ms="25129">
    <groups>
    </groups>
    <test started-at="2025-10-22T16:00:37 IST" name="VerifyHomePageTitle" finished-at="2025-10-22T16:00:41 IST" duration-ms="3757">
      <class name="testcases.HomePageTest">
        <test-method is-config="true" signature="beforeTest(org.testng.ITestContext)[pri:0, instance:testcases.HomePageTest@7d64e326]" started-at="2025-10-22T16:00:37 IST" name="beforeTest" finished-at="2025-10-22T16:00:37 IST" duration-ms="456" status="PASS">
          <params>
            <param index="0">
              <value>
                <![CDATA[org.testng.TestRunner@20256a0b]]>
              </value>
            </param>
          </params>
          <reporter-output>
          </reporter-output>
        </test-method> <!-- beforeTest -->
        <test-method is-config="true" signature="beforeMethod(org.testng.ITestContext)[pri:0, instance:testcases.HomePageTest@7d64e326]" started-at="2025-10-22T16:00:37 IST" name="beforeMethod" finished-at="2025-10-22T16:00:37 IST" duration-ms="0" status="PASS">
          <params>
            <param index="0">
              <value>
                <![CDATA[org.testng.TestRunner@20256a0b]]>
              </value>
            </param>
          </params>
          <reporter-output>
          </reporter-output>
        </test-method> <!-- beforeMethod -->
        <test-method signature="VerifyHomePageTitle(java.lang.String,java.lang.String,java.lang.String,java.lang.String)[pri:0, instance:testcases.HomePageTest@7d64e326]" started-at="2025-10-22T16:00:37 IST" name="VerifyHomePageTitle" data-provider="dp" finished-at="2025-10-22T16:00:40 IST" duration-ms="2946" status="PASS">
          <params>
            <param index="0">
              <value>
                <![CDATA[chrome]]>
              </value>
            </param>
            <param index="1">
              <value>
                <![CDATA[Y]]>
              </value>
            </param>
            <param index="2">
              <value>
                <![CDATA[]]>
              </value>
            </param>
            <param index="3">
              <value>
                <![CDATA[]]>
              </value>
            </param>
          </params>
          <reporter-output>
          </reporter-output>
        </test-method> <!-- VerifyHomePageTitle -->
        <test-method is-config="true" signature="quit(org.testng.ITestContext)[pri:0, instance:testcases.HomePageTest@7d64e326]" started-at="2025-10-22T16:00:40 IST" name="quit" finished-at="2025-10-22T16:00:41 IST" duration-ms="262" status="PASS">
          <params>
            <param index="0">
              <value>
                <![CDATA[org.testng.TestRunner@20256a0b]]>
              </value>
            </param>
          </params>
          <reporter-output>
          </reporter-output>
        </test-method> <!-- quit -->
      </class> <!-- testcases.HomePageTest -->
    </test> <!-- VerifyHomePageTitle -->
    <test started-at="2025-10-22T16:00:41 IST" name="VerifySignInButtonPresence" finished-at="2025-10-22T16:00:44 IST" duration-ms="3499">
      <class name="testcases.StoreEntryTest">
        <test-method is-config="true" signature="beforeTest(org.testng.ITestContext)[pri:0, instance:testcases.StoreEntryTest@362045c0]" started-at="2025-10-22T16:00:41 IST" name="beforeTest" finished-at="2025-10-22T16:00:41 IST" duration-ms="1" status="PASS">
          <params>
            <param index="0">
              <value>
                <![CDATA[org.testng.TestRunner@624b3544]]>
              </value>
            </param>
          </params>
          <reporter-output>
          </reporter-output>
        </test-method> <!-- beforeTest -->
        <test-method is-config="true" signature="beforeMethod(org.testng.ITestContext)[pri:0, instance:testcases.StoreEntryTest@362045c0]" started-at="2025-10-22T16:00:41 IST" name="beforeMethod" finished-at="2025-10-22T16:00:41 IST" duration-ms="0" status="PASS">
          <params>
            <param index="0">
              <value>
                <![CDATA[org.testng.TestRunner@624b3544]]>
              </value>
            </param>
          </params>
          <reporter-output>
          </reporter-output>
        </test-method> <!-- beforeMethod -->
        <test-method signature="VerifySignInButtonPresence(java.lang.String,java.lang.String,java.lang.String,java.lang.String)[pri:0, instance:testcases.StoreEntryTest@362045c0]" started-at="2025-10-22T16:00:41 IST" name="VerifySignInButtonPresence" data-provider="dp" finished-at="2025-10-22T16:00:44 IST" duration-ms="3390" status="PASS">
          <params>
            <param index="0">
              <value>
                <![CDATA[chrome]]>
              </value>
            </param>
            <param index="1">
              <value>
                <![CDATA[Y]]>
              </value>
            </param>
            <param index="2">
              <value>
                <![CDATA[j2ee]]>
              </value>
            </param>
            <param index="3">
              <value>
                <![CDATA[j2ee]]>
              </value>
            </param>
          </params>
          <reporter-output>
          </reporter-output>
        </test-method> <!-- VerifySignInButtonPresence -->
        <test-method is-config="true" signature="quit(org.testng.ITestContext)[pri:0, instance:testcases.StoreEntryTest@362045c0]" started-at="2025-10-22T16:00:44 IST" name="quit" finished-at="2025-10-22T16:00:44 IST" duration-ms="102" status="PASS">
          <params>
            <param index="0">
              <value>
                <![CDATA[org.testng.TestRunner@624b3544]]>
              </value>
            </param>
          </params>
          <reporter-output>
          </reporter-output>
        </test-method> <!-- quit -->
      </class> <!-- testcases.StoreEntryTest -->
    </test> <!-- VerifySignInButtonPresence -->
    <test started-at="2025-10-22T16:00:44 IST" name="VerifyStoreEntryTitle" finished-at="2025-10-22T16:00:50 IST" duration-ms="5602">
      <class name="testcases.StoreEntryTest">
        <test-method is-config="true" signature="beforeTest(org.testng.ITestContext)[pri:0, instance:testcases.StoreEntryTest@4dc8caa7]" started-at="2025-10-22T16:00:44 IST" name="beforeTest" finished-at="2025-10-22T16:00:44 IST" duration-ms="1" status="PASS">
          <params>
            <param index="0">
              <value>
                <![CDATA[org.testng.TestRunner@454bcbbf]]>
              </value>
            </param>
          </params>
          <reporter-output>
          </reporter-output>
        </test-method> <!-- beforeTest -->
        <test-method is-config="true" signature="beforeMethod(org.testng.ITestContext)[pri:0, instance:testcases.StoreEntryTest@4dc8caa7]" started-at="2025-10-22T16:00:44 IST" name="beforeMethod" finished-at="2025-10-22T16:00:44 IST" duration-ms="0" status="PASS">
          <params>
            <param index="0">
              <value>
                <![CDATA[org.testng.TestRunner@454bcbbf]]>
              </value>
            </param>
          </params>
          <reporter-output>
          </reporter-output>
        </test-method> <!-- beforeMethod -->
        <test-method signature="VerifyStoreEntryTitle(java.lang.String,java.lang.String,java.lang.String,java.lang.String)[pri:0, instance:testcases.StoreEntryTest@4dc8caa7]" started-at="2025-10-22T16:00:44 IST" name="VerifyStoreEntryTitle" data-provider="dp" finished-at="2025-10-22T16:00:50 IST" duration-ms="5459" status="PASS">
          <params>
            <param index="0">
              <value>
                <![CDATA[chrome]]>
              </value>
            </param>
            <param index="1">
              <value>
                <![CDATA[Y]]>
              </value>
            </param>
            <param index="2">
              <value>
                <![CDATA[j2ee]]>
              </value>
            </param>
            <param index="3">
              <value>
                <![CDATA[j2ee]]>
              </value>
            </param>
          </params>
          <reporter-output>
          </reporter-output>
        </test-method> <!-- VerifyStoreEntryTitle -->
        <test-method is-config="true" signature="quit(org.testng.ITestContext)[pri:0, instance:testcases.StoreEntryTest@4dc8caa7]" started-at="2025-10-22T16:00:50 IST" name="quit" finished-at="2025-10-22T16:00:50 IST" duration-ms="136" status="PASS">
          <params>
            <param index="0">
              <value>
                <![CDATA[org.testng.TestRunner@454bcbbf]]>
              </value>
            </param>
          </params>
          <reporter-output>
          </reporter-output>
        </test-method> <!-- quit -->
      </class> <!-- testcases.StoreEntryTest -->
    </test> <!-- VerifyStoreEntryTitle -->
    <test started-at="2025-10-22T16:00:50 IST" name="Verifylogin" finished-at="2025-10-22T16:01:02 IST" duration-ms="12252">
      <class name="testcases.StoreEntryTest">
        <test-method is-config="true" signature="beforeTest(org.testng.ITestContext)[pri:0, instance:testcases.StoreEntryTest@35d08e6c]" started-at="2025-10-22T16:00:50 IST" name="beforeTest" finished-at="2025-10-22T16:00:50 IST" duration-ms="1" status="PASS">
          <params>
            <param index="0">
              <value>
                <![CDATA[org.testng.TestRunner@2c9fdb64]]>
              </value>
            </param>
          </params>
          <reporter-output>
          </reporter-output>
        </test-method> <!-- beforeTest -->
        <test-method is-config="true" signature="beforeMethod(org.testng.ITestContext)[pri:0, instance:testcases.StoreEntryTest@35d08e6c]" started-at="2025-10-22T16:00:50 IST" name="beforeMethod" finished-at="2025-10-22T16:00:50 IST" duration-ms="0" status="PASS">
          <params>
            <param index="0">
              <value>
                <![CDATA[org.testng.TestRunner@2c9fdb64]]>
              </value>
            </param>
          </params>
          <reporter-output>
          </reporter-output>
        </test-method> <!-- beforeMethod -->
        <test-method signature="Verifylogin(java.lang.String,java.lang.String,java.lang.String,java.lang.String)[pri:0, instance:testcases.StoreEntryTest@35d08e6c]" started-at="2025-10-22T16:00:50 IST" name="Verifylogin" data-provider="dp" finished-at="2025-10-22T16:01:02 IST" duration-ms="12112" status="PASS">
          <params>
            <param index="0">
              <value>
                <![CDATA[chrome]]>
              </value>
            </param>
            <param index="1">
              <value>
                <![CDATA[Y]]>
              </value>
            </param>
            <param index="2">
              <value>
                <![CDATA[j2ee]]>
              </value>
            </param>
            <param index="3">
              <value>
                <![CDATA[j2ee]]>
              </value>
            </param>
          </params>
          <reporter-output>
          </reporter-output>
        </test-method> <!-- Verifylogin -->
        <test-method is-config="true" signature="quit(org.testng.ITestContext)[pri:0, instance:testcases.StoreEntryTest@35d08e6c]" started-at="2025-10-22T16:01:02 IST" name="quit" finished-at="2025-10-22T16:01:02 IST" duration-ms="133" status="PASS">
          <params>
            <param index="0">
              <value>
                <![CDATA[org.testng.TestRunner@2c9fdb64]]>
              </value>
            </param>
          </params>
          <reporter-output>
          </reporter-output>
        </test-method> <!-- quit -->
      </class> <!-- testcases.StoreEntryTest -->
    </test> <!-- Verifylogin -->
  </suite> <!-- JPetStore -->
</testng-results>
