<?xml version="1.0" encoding="UTF-8"?>
<!-- Generated by org.testng.reporters.JUnitXMLReporter -->
<testsuite ignored="0" hostname="AAPDyOVVbECDsDj" failures="1" tests="2" name="Test3" time="22.278" errors="0" timestamp="2024-05-17T10:41:37 IST">
  <testcase classname="testcases.DashBoardTest" name="verifyAvailablePets" time="10.928"/>
  <testcase classname="testcases.DashBoardTest" name="verifyAllPets" time="11.139">
    <failure type="java.lang.NullPointerException" message="Cannot invoke &amp;quot;String.split(String)&amp;quot; because the return value of &amp;quot;java.util.Properties.getProperty(String)&amp;quot; is null">
      <![CDATA[java.lang.NullPointerException: Cannot invoke "String.split(String)" because the return value of "java.util.Properties.getProperty(String)" is null
at testcases.DashBoardTest.verifyAllPets(DashBoardTest.java:62)
at java.base/java.util.ArrayList.forEach(ArrayList.java:1511)
... Removed 27 stack frames]]>
    </failure>
  </testcase> <!-- verifyAllPets -->
</testsuite> <!-- Test3 -->
