<?xml version="1.0" encoding="UTF-8"?>
<!-- Generated by org.testng.reporters.JUnitXMLReporter -->
<testsuite ignored="0" hostname="AAPDyOVVbECDsDj" failures="0" tests="3" name="Test2" time="21.355" errors="0" timestamp="2024-05-17T10:41:15 IST">
  <testcase classname="testcases.StoreEntryTest" name="VerifySignInButtonPresence" time="3.428"/>
  <testcase classname="testcases.StoreEntryTest" name="VerifyStoreEntryTitle" time="5.725"/>
  <testcase classname="testcases.StoreEntryTest" name="Verifylogin" time="11.955"/>
</testsuite> <!-- Test2 -->
