<?xml version="1.0" encoding="UTF-8"?>
<!-- Generated by org.testng.reporters.JUnitXMLReporter -->
<testsuite ignored="2" hostname="punbkumarpc" failures="0" tests="1" name="VerifyStoreEntryTitle" time="5.602" errors="0" timestamp="2025-10-22T16:00:50 IST">
  <testcase classname="testcases.StoreEntryTest" name="VerifyStoreEntryTitle" time="5.459"/>
  <testcase classname="testcases.StoreEntryTest" name="VerifySignInButtonPresence" time="0.0">
    <ignored/>
  </testcase> <!-- VerifySignInButtonPresence -->
  <testcase classname="testcases.StoreEntryTest" name="Verifylogin" time="0.0">
    <ignored/>
  </testcase> <!-- Verifylogin -->
</testsuite> <!-- VerifyStoreEntryTitle -->
