<?xml version="1.0" encoding="UTF-8"?>
<!-- Generated by org.testng.reporters.JUnitXMLReporter -->
<testsuite ignored="1" hostname="punbkumarpc" failures="1" tests="1" name="verifyAllPets" time="0.01" errors="0" timestamp="2025-10-22T13:02:01 IST">
  <testcase classname="testbase.BaseTest" name="@AfterTest quit" time="0.0">
    <failure type="java.lang.NullPointerException" message="Cannot invoke &amp;quot;org.openqa.selenium.WebDriver.quit()&amp;quot; because &amp;quot;this.driver&amp;quot; is null">
      <![CDATA[java.lang.NullPointerException: Cannot invoke "org.openqa.selenium.WebDriver.quit()" because "this.driver" is null
at keywords.GenericKeywords.quit(GenericKeywords.java:293)
at testbase.BaseTest.quit(BaseTest.java:95)
... Removed 22 stack frames]]>
    </failure>
  </testcase> <!-- @AfterTest quit -->
  <testcase classname="testcases.DashBoardTest" name="verifyAllPets" time="0.001">
    <failure type="org.testng.internal.reflect.MethodMatcherException" message="
[public void testcases.DashBoardTest.verifyAllPets(java.lang.String,java.lang.String,java.lang.String,java.lang.String) throws java.lang.InterruptedException] has no parameters defined but was found to be using a data provider (either explicitly specified or inherited from class level annotation).
Data provider mismatch
Method: verifyAllPets([Parameter{index=0, type=java.lang.String, declaredAnnotations=[]}, Parameter{index=1, type=java.lang.String, declaredAnnotations=[]}, Parameter{index=2, type=java.lang.String, declaredAnnotations=[]}, Parameter{index=3, type=java.lang.String, declaredAnnotations=[]}])
Arguments: [(java.lang.String) 
			,(java.lang.String) chrome,(java.lang.String) 
			,(java.lang.String) Y,(java.lang.String) 
			,(java.lang.String) j2ee,(java.lang.String) 
			,(java.lang.String) j2ee,(java.lang.String) 
		]">
      <![CDATA[org.testng.internal.reflect.MethodMatcherException: 
[public void testcases.DashBoardTest.verifyAllPets(java.lang.String,java.lang.String,java.lang.String,java.lang.String) throws java.lang.InterruptedException] has no parameters defined but was found to be using a data provider (either explicitly specified or inherited from class level annotation).
Data provider mismatch
Method: verifyAllPets([Parameter{index=0, type=java.lang.String, declaredAnnotations=[]}, Parameter{index=1, type=java.lang.String, declaredAnnotations=[]}, Parameter{index=2, type=java.lang.String, declaredAnnotations=[]}, Parameter{index=3, type=java.lang.String, declaredAnnotations=[]}])
Arguments: [(java.lang.String) 
,(java.lang.String) chrome,(java.lang.String) 
,(java.lang.String) Y,(java.lang.String) 
,(java.lang.String) j2ee,(java.lang.String) 
,(java.lang.String) j2ee,(java.lang.String) 
]
at java.base/java.util.ArrayList.forEach(ArrayList.java:1596)
... Removed 22 stack frames]]>
    </failure>
  </testcase> <!-- verifyAllPets -->
  <testcase classname="testcases.DashBoardTest" name="verifyAvailablePets" time="0.0">
    <ignored/>
  </testcase> <!-- verifyAvailablePets -->
</testsuite> <!-- verifyAllPets -->
