<?xml version="1.0" encoding="UTF-8"?>
<!-- Generated by org.testng.reporters.JUnitReportReporter -->
<testsuite hostname="punbkumarpc" failures="0" tests="3" name="testcases.StoreEntryTest" time="20.961" errors="0" timestamp="2025-10-22T16:01:02 IST" skipped="0">
  <testcase classname="testcases.StoreEntryTest" name="VerifySignInButtonPresence" time="3.390"/>
  <system-out/>
  <testcase classname="testcases.StoreEntryTest" name="Verifylogin" time="12.112"/>
  <system-out/>
  <testcase classname="testcases.StoreEntryTest" name="VerifyStoreEntryTitle" time="5.459"/>
  <system-out/>
</testsuite> <!-- testcases.StoreEntryTest -->
