<?xml version="1.0" encoding="UTF-8"?>
<!-- Generated by org.testng.reporters.JUnitReportReporter -->
<testsuite hostname="punbkumarpc" failures="0" tests="3" name="testcases.StoreEntryTest" time="20.451" errors="0" timestamp="2025-11-06T19:04:28 IST" skipped="0">
  <testcase classname="testcases.StoreEntryTest" name="VerifyStoreEntryTitle" time="5.359"/>
  <testcase classname="testcases.StoreEntryTest" name="VerifySignInButtonPresence" time="3.444"/>
  <testcase classname="testcases.StoreEntryTest" name="Verifylogin" time="11.648"/>
</testsuite> <!-- testcases.StoreEntryTest -->
