<?xml version="1.0" encoding="UTF-8"?>
<!-- Generated by org.testng.reporters.JUnitReportReporter -->
<testsuite hostname="punbkumarpc" failures="0" tests="3" name="testcases.StoreEntryTest" time="20.398" errors="0" timestamp="2025-10-23T13:32:18 IST" skipped="0">
  <testcase classname="testcases.StoreEntryTest" name="Verifylogin" time="11.635"/>
  <testcase classname="testcases.StoreEntryTest" name="VerifySignInButtonPresence" time="3.412"/>
  <testcase classname="testcases.StoreEntryTest" name="VerifyStoreEntryTitle" time="5.351"/>
</testsuite> <!-- testcases.StoreEntryTest -->
